<?xml version="1.0" encoding="UTF-8"?>
<testng-results skipped="0" failed="0" ignored="0" total="1" passed="1">
  <reporter-output>
  </reporter-output>
  <suite name="Suite" duration-ms="16687" started-at="2019-04-25T11:09:18Z" finished-at="2019-04-25T11:09:35Z">
    <groups>
    </groups>
    <test name="Test" duration-ms="16687" started-at="2019-04-25T11:09:18Z" finished-at="2019-04-25T11:09:35Z">
      <class name="com.tyss.Selenium_Title">
        <test-method status="PASS" signature="test()[pri:0, instance:com.tyss.Selenium_Title@2ef5e5e3]" name="test" duration-ms="16656" started-at="2019-04-25T11:09:18Z" finished-at="2019-04-25T11:09:35Z">
          <reporter-output>
          </reporter-output>
        </test-method> <!-- test -->
      </class> <!-- com.tyss.Selenium_Title -->
    </test> <!-- Test -->
  </suite> <!-- Suite -->
</testng-results>
